<?xml version="1.0" encoding="UTF-8"?>
<testsuite xmlns:xsi="http://www.w3.org/2001/XMLSchema-instance" xsi:noNamespaceSchemaLocation="https://maven.apache.org/surefire/maven-surefire-plugin/xsd/surefire-test-report-3.0.xsd" version="3.0" name="ie.tcd.cs7is3.AppTest" time="0.08" tests="1" errors="0" skipped="0" failures="0">
  <properties>
[...]
</properties>
  <testcase name="testFBISParser" classname="ie.tcd.cs7is3.AppTest" time="0.069">
    <system-out><![CDATA[Total loaded 50 topics
]]></system-out>
  </testcase>
</testsuite>